The system is: Windows - 6.1.7601 - AMD64
Compiling the C compiler identification source file "CMakeCCompilerId.c" succeeded.
Compiler: C:/Program Files (x86)/Microsoft Visual Studio/2017/Community/VC/Tools/MSVC/14.16.27023/bin/Hostx86/x86/cl.exe 
Build flags: 
Id flags:  

The output was:
0
Microsoft (R) C/C++ Optimizing Compiler Version 19.16.27031.1 for x86
Copyright (C) Microsoft Corporation.  All rights reserved.

CMakeCCompilerId.c
Microsoft (R) Incremental Linker Version 14.16.27031.1
Copyright (C) Microsoft Corporation.  All rights reserved.

/out:CMakeCCompilerId.exe 
CMakeCCompilerId.obj 


Compilation of the C compiler identification source "CMakeCCompilerId.c" produced "CMakeCCompilerId.exe"

Compilation of the C compiler identification source "CMakeCCompilerId.c" produced "CMakeCCompilerId.obj"

The C compiler identification is MSVC, found in "C:/github/C/HelloWorld/cmake-build-debug/CMakeFiles/3.14.3/CompilerIdC/CMakeCCompilerId.exe"

Determining if the C compiler works passed with the following output:
Change Dir: C:/github/C/HelloWorld/cmake-build-debug/CMakeFiles/CMakeTmp

Run Build Command(s):nmake /nologo cmTC_1a283\fast 
	"C:\Program Files (x86)\Microsoft Visual Studio\2017\Community\VC\Tools\MSVC\14.16.27023\bin\HostX86\x86\nmake.exe" -f CMakeFiles\cmTC_1a283.dir\build.make /nologo -L                  CMakeFiles\cmTC_1a283.dir\build
Building C object CMakeFiles/cmTC_1a283.dir/testCCompiler.c.obj
	C:\PROGRA~2\MIB055~1\2017\COMMUN~1\VC\Tools\MSVC\1416~1.270\bin\Hostx86\x86\cl.exe @C:\Users\nxf19259\AppData\Local\Temp\nmA055.tmp
testCCompiler.c
Linking C executable cmTC_1a283.exe
	"C:\Program Files\JetBrains\CLion 2019.1.3\bin\cmake\win\bin\cmake.exe" -E vs_link_exe --intdir=CMakeFiles\cmTC_1a283.dir --rc=C:\PROGRA~2\WI3CF2~1\10\bin\100177~1.0\x86\rc.exe --mt=C:\PROGRA~2\WI3CF2~1\10\bin\100177~1.0\x86\mt.exe --manifests  -- C:\PROGRA~2\MIB055~1\2017\COMMUN~1\VC\Tools\MSVC\1416~1.270\bin\Hostx86\x86\link.exe /nologo @CMakeFiles\cmTC_1a283.dir\objects1.rsp @C:\Users\nxf19259\AppData\Local\Temp\nmA16E.tmp


Detecting C compiler ABI info compiled with the following output:
Change Dir: C:/github/C/HelloWorld/cmake-build-debug/CMakeFiles/CMakeTmp

Run Build Command(s):nmake /nologo cmTC_ea37b\fast 
	"C:\Program Files (x86)\Microsoft Visual Studio\2017\Community\VC\Tools\MSVC\14.16.27023\bin\HostX86\x86\nmake.exe" -f CMakeFiles\cmTC_ea37b.dir\build.make /nologo -L                  CMakeFiles\cmTC_ea37b.dir\build
Building C object CMakeFiles/cmTC_ea37b.dir/CMakeCCompilerABI.c.obj
	C:\PROGRA~2\MIB055~1\2017\COMMUN~1\VC\Tools\MSVC\1416~1.270\bin\Hostx86\x86\cl.exe @C:\Users\nxf19259\AppData\Local\Temp\nmB673.tmp
CMakeCCompilerABI.c
Linking C executable cmTC_ea37b.exe
	"C:\Program Files\JetBrains\CLion 2019.1.3\bin\cmake\win\bin\cmake.exe" -E vs_link_exe --intdir=CMakeFiles\cmTC_ea37b.dir --rc=C:\PROGRA~2\WI3CF2~1\10\bin\100177~1.0\x86\rc.exe --mt=C:\PROGRA~2\WI3CF2~1\10\bin\100177~1.0\x86\mt.exe --manifests  -- C:\PROGRA~2\MIB055~1\2017\COMMUN~1\VC\Tools\MSVC\1416~1.270\bin\Hostx86\x86\link.exe /nologo @CMakeFiles\cmTC_ea37b.dir\objects1.rsp @C:\Users\nxf19259\AppData\Local\Temp\nmBAA9.tmp




Detecting C [] compiler features compiled with the following output:
Change Dir: C:/github/C/HelloWorld/cmake-build-debug/CMakeFiles/CMakeTmp

Run Build Command(s):nmake /nologo cmTC_80531\fast 
	"C:\Program Files (x86)\Microsoft Visual Studio\2017\Community\VC\Tools\MSVC\14.16.27023\bin\HostX86\x86\nmake.exe" -f CMakeFiles\cmTC_80531.dir\build.make /nologo -L                  CMakeFiles\cmTC_80531.dir\build
Building C object CMakeFiles/cmTC_80531.dir/feature_tests.c.obj
	C:\PROGRA~2\MIB055~1\2017\COMMUN~1\VC\Tools\MSVC\1416~1.270\bin\Hostx86\x86\cl.exe @C:\Users\nxf19259\AppData\Local\Temp\nmC16B.tmp
feature_tests.c
Linking C executable cmTC_80531.exe
	"C:\Program Files\JetBrains\CLion 2019.1.3\bin\cmake\win\bin\cmake.exe" -E vs_link_exe --intdir=CMakeFiles\cmTC_80531.dir --rc=C:\PROGRA~2\WI3CF2~1\10\bin\100177~1.0\x86\rc.exe --mt=C:\PROGRA~2\WI3CF2~1\10\bin\100177~1.0\x86\mt.exe --manifests  -- C:\PROGRA~2\MIB055~1\2017\COMMUN~1\VC\Tools\MSVC\1416~1.270\bin\Hostx86\x86\link.exe /nologo @CMakeFiles\cmTC_80531.dir\objects1.rsp @C:\Users\nxf19259\AppData\Local\Temp\nmC237.tmp


    Feature record: C_FEATURE:1c_function_prototypes
    Feature record: C_FEATURE:1c_variadic_macros
